#
# A fatal error has been detected by the Java Runtime Environment:
#
#  SIGSEGV (0xb) at pc=0x0000000125912e43, pid=4917, tid=58631
#
# JRE version: Java(TM) SE Runtime Environment (8.0_91-b14) (build 1.8.0_91-b14)
# Java VM: Java HotSpot(TM) 64-Bit Server VM (25.91-b14 mixed mode bsd-amd64 compressed oops)
# Problematic frame:
# C  [libawt_lwawt.dylib+0x1ae43]  OGLSD_SetScratchSurface+0x49
#
# Failed to write core dump. Core dumps have been disabled. To enable core dumping, try "ulimit -c unlimited" before starting Java again
#
# If you would like to submit a bug report, please visit:
#   http://bugreport.java.com/bugreport/crash.jsp
# The crash happened outside the Java Virtual Machine in native code.
# See problematic frame for where to report the bug.
#

---------------  T H R E A D  ---------------

Current thread (0x00007fe165997000):  JavaThread "Java2D Queue Flusher" daemon [_thread_in_native, id=58631, stack(0x000070000738d000,0x000070000748d000)]

siginfo: si_signo: 11 (SIGSEGV), si_code: 1 (SEGV_MAPERR), si_addr: 0x0000000000000002

Registers:
RAX=0x00000001259333a2, RBX=0x0000000000000002, RCX=0x0000000000000047, RDX=0x00000001259338ec
RSP=0x000070000748c740, RBP=0x000070000748c760, RSI=0x00007fe162466e80, RDI=0x00007fe1659971f8
R8 =0x0000000000000420, R9 =0x0000000000028ed3, R10=0x0000000113174638, R11=0xffffffff00000000
R12=0x0000000000000000, R13=0x00000001131f6cac, R14=0x00007fe1659971f8, R15=0x00007fe165997000
RIP=0x0000000125912e43, EFLAGS=0x0000000000010202, ERR=0x0000000000000004
  TRAPNO=0x000000000000000e

Top of Stack: (sp=0x000070000748c740)
0x000070000748c740:   00007fe162466e80 0000000000000000
0x000070000748c750:   00007fe1659ba210 00007fe165997000
0x000070000748c760:   000070000748c7e0 00000001259333ca
0x000070000748c770:   000070000748c820 0000000112e8234c
0x000070000748c780:   0000000000000000 00000580303cbe0a
0x000070000748c790:   000070000748c7b0 0000000000000064
0x000070000748c7a0:   00007fe1628d8008 00007fe1659ba220
0x000070000748c7b0:   00007fe100997000 00007fe1659971f8
0x000070000748c7c0:   00000001977c9470 0000000000000000
0x000070000748c7d0:   000070000748c8a8 00007fe165997000
0x000070000748c7e0:   000070000748c830 00000001131746aa
0x000070000748c7f0:   00000006c0a6e5d8 000000010814dc60
0x000070000748c800:   0000000000000005 00007fe165997000
0x000070000748c810:   00000006c0a6e601 00007fe1641825b0
0x000070000748c820:   000070000748c800 00007fe165997000
0x000070000748c830:   000070000748c9d0 00000001131c537c
0x000070000748c840:   000070000748c8a8 00007fe165997000
0x000070000748c850:   000070000748c8a0 00000001130f1268
0x000070000748c860:   00000006c0a6e6b0 000070000748c8a8
0x000070000748c870:   00000001978e5f48 0000000000000000
0x000070000748c880:   0000000121d4b520 0000000000000000
0x000070000748c890:   00000006c0a6e5d8 000070000748c9d0
0x000070000748c8a0:   000070000748c9d0 00000001131f6ba4
0x000070000748c8b0:   0000000000000041 000000012244e7b0
0x000070000748c8c0:   000070000748c960 00007fe165997000
0x000070000748c8d0:   000070000748c938 0000000112d61b7a
0x000070000748c8e0:   0000000112d61b38 0000000000000001
0x000070000748c8f0:   000000076b136038 000070000748c8e8
0x000070000748c900:   00000001131f5e90 0000000100000001
0x000070000748c910:   000000076b136038 00000006c0a6e6b0
0x000070000748c920:   0000000100000000 0000000000000000
0x000070000748c930:   000070000748c960 0000000000000001 

Instructions: (pc=0x0000000125912e43)
0x0000000125912e23:   c0 e9 82 00 00 00 48 8b 5e 10 48 85 db 75 0e bf
0x0000000125912e33:   01 00 00 00 48 8d 15 fd 75 03 00 eb d6 49 89 fe
0x0000000125912e43:   4c 8b 3b 30 c0 e8 c5 a2 02 00 49 8b 3f 49 89 c4
0x0000000125912e53:   48 8b 35 ae f7 05 00 30 c0 e8 cb a3 02 00 48 85 

Register to memory mapping:

RAX=0x00000001259333a2: Java_sun_java2d_opengl_OGLRenderQueue_flushBuffer+0x612 in /Library/Java/JavaVirtualMachines/jdk1.8.0_91.jdk/Contents/Home/jre/lib/libawt_lwawt.dylib at 0x00000001258f8000
RBX=0x0000000000000002 is an unknown value
RCX=0x0000000000000047 is an unknown value
RDX=0x00000001259338ec: Java_sun_java2d_opengl_OGLRenderQueue_flushBuffer+0xb5c in /Library/Java/JavaVirtualMachines/jdk1.8.0_91.jdk/Contents/Home/jre/lib/libawt_lwawt.dylib at 0x00000001258f8000
RSP=0x000070000748c740 is pointing into the stack for thread: 0x00007fe165997000
RBP=0x000070000748c760 is pointing into the stack for thread: 0x00007fe165997000
RSI=0x00007fe162466e80 is an unknown value
RDI=0x00007fe1659971f8 is an unknown value
R8 =0x0000000000000420 is an unknown value
R9 =0x0000000000028ed3 is an unknown value
R10=0x0000000113174638 is at entry_point+56 in (nmethod*)0x0000000113174490
R11=0xffffffff00000000 is an unknown value
R12=0x0000000000000000 is an unknown value
R13=0x00000001131f6cac is at entry_point+2764 in (nmethod*)0x00000001131f5e90
R14=0x00007fe1659971f8 is an unknown value
R15=0x00007fe165997000 is a thread


Stack: [0x000070000738d000,0x000070000748d000],  sp=0x000070000748c740,  free space=1021k
Native frames: (J=compiled Java code, j=interpreted, Vv=VM code, C=native code)
C  [libawt_lwawt.dylib+0x1ae43]  OGLSD_SetScratchSurface+0x49
C  [libawt_lwawt.dylib+0x3b3ca]  Java_sun_java2d_opengl_OGLRenderQueue_flushBuffer+0x63a
J 1387  sun.java2d.opengl.OGLRenderQueue.flushBuffer(JI)V (0 bytes) @ 0x00000001131746aa [0x0000000113174600+0xaa]
J 1512 C1 sun.java2d.opengl.OGLRenderQueue.flushBuffer()V (41 bytes) @ 0x00000001131c537c [0x00000001131c5120+0x25c]
J 1550% C1 sun.java2d.opengl.OGLRenderQueue$QueueFlusher.run()V (234 bytes) @ 0x00000001131f6ba4 [0x00000001131f61e0+0x9c4]
v  ~StubRoutines::call_stub
V  [libjvm.dylib+0x2ec1e6]
V  [libjvm.dylib+0x2ec974]
V  [libjvm.dylib+0x2ecb20]
V  [libjvm.dylib+0x34726d]
V  [libjvm.dylib+0x563d17]
V  [libjvm.dylib+0x565412]
V  [libjvm.dylib+0x484f82]
C  [libsystem_pthread.dylib+0x3aab]  _pthread_body+0xb4
C  [libsystem_pthread.dylib+0x39f7]  _pthread_body+0x0
C  [libsystem_pthread.dylib+0x3221]  thread_start+0xd
C  0x0000000000000000

Java frames: (J=compiled Java code, j=interpreted, Vv=VM code)
J 1387  sun.java2d.opengl.OGLRenderQueue.flushBuffer(JI)V (0 bytes) @ 0x0000000113174638 [0x0000000113174600+0x38]
J 1512 C1 sun.java2d.opengl.OGLRenderQueue.flushBuffer()V (41 bytes) @ 0x00000001131c537c [0x00000001131c5120+0x25c]
J 1550% C1 sun.java2d.opengl.OGLRenderQueue$QueueFlusher.run()V (234 bytes) @ 0x00000001131f6ba4 [0x00000001131f61e0+0x9c4]
v  ~StubRoutines::call_stub

---------------  P R O C E S S  ---------------

Java Threads: ( => current thread )
  0x00007fe163479800 JavaThread "process reaper" daemon [_thread_blocked, id=63503, stack(0x0000700005ab9000,0x0000700005ae1000)]
  0x00007fe1631e3000 JavaThread "TimerQueue" daemon [_thread_blocked, id=76871, stack(0x0000700007719000,0x0000700007819000)]
  0x00007fe163157800 JavaThread "AWT-EventQueue-0" [_thread_in_vm, id=61187, stack(0x0000700007593000,0x0000700007693000)]
  0x00007fe1659d1000 JavaThread "Java2D Disposer" daemon [_thread_blocked, id=60687, stack(0x0000700007490000,0x0000700007590000)]
=>0x00007fe165997000 JavaThread "Java2D Queue Flusher" daemon [_thread_in_native, id=58631, stack(0x000070000738d000,0x000070000748d000)]
  0x00007fe165957800 JavaThread "AWT-Shutdown" [_thread_blocked, id=32287, stack(0x0000700006f7b000,0x000070000707b000)]
  0x00007fe1658b1800 JavaThread "AppKit Thread" daemon [_thread_in_native, id=775, stack(0x00007fff587e8000,0x00007fff58fe8000)]
  0x00007fe165865800 JavaThread "Service Thread" daemon [_thread_blocked, id=21251, stack(0x0000700006cf2000,0x0000700006df2000)]
  0x00007fe165863000 JavaThread "C1 CompilerThread3" daemon [_thread_blocked, id=20739, stack(0x0000700006bef000,0x0000700006cef000)]
  0x00007fe165862000 JavaThread "C2 CompilerThread2" daemon [_thread_in_native, id=20227, stack(0x0000700006aec000,0x0000700006bec000)]
  0x00007fe16282c800 JavaThread "C2 CompilerThread1" daemon [_thread_in_native, id=19715, stack(0x00007000069e9000,0x0000700006ae9000)]
  0x00007fe16282a000 JavaThread "C2 CompilerThread0" daemon [_thread_in_native, id=19203, stack(0x00007000068e6000,0x00007000069e6000)]
  0x00007fe165805800 JavaThread "Signal Dispatcher" daemon [_thread_blocked, id=18691, stack(0x00007000067e3000,0x00007000068e3000)]
  0x00007fe163826800 JavaThread "Finalizer" daemon [_thread_blocked, id=14595, stack(0x00007000066e0000,0x00007000067e0000)]
  0x00007fe165822800 JavaThread "Reference Handler" daemon [_thread_blocked, id=14083, stack(0x00007000065dd000,0x00007000066dd000)]
  0x00007fe163805000 JavaThread "main" [_thread_blocked, id=7171, stack(0x0000700005bbf000,0x0000700005cbf000)]

Other Threads:
  0x00007fe163822000 VMThread [stack: 0x00007000064da000,0x00007000065da000] [id=13571]
  0x00007fe16282b000 WatcherThread [stack: 0x0000700006df5000,0x0000700006ef5000] [id=21763]

VM state:not at safepoint (normal execution)

VM Mutex/Monitor currently owned by a thread: None

Heap:
 PSYoungGen      total 76288K, used 4154K [0x000000076ab00000, 0x0000000774000000, 0x00000007c0000000)
  eden space 65536K, 6% used [0x000000076ab00000,0x000000076af0ea98,0x000000076eb00000)
  from space 10752K, 0% used [0x000000076f580000,0x000000076f580000,0x0000000770000000)
  to   space 10752K, 0% used [0x000000076eb00000,0x000000076eb00000,0x000000076f580000)
 ParOldGen       total 96256K, used 20856K [0x00000006c0000000, 0x00000006c5e00000, 0x000000076ab00000)
  object space 96256K, 21% used [0x00000006c0000000,0x00000006c145e208,0x00000006c5e00000)
 Metaspace       used 20820K, capacity 21142K, committed 21504K, reserved 1069056K
  class space    used 2644K, capacity 2744K, committed 2816K, reserved 1048576K

Card table byte_map: [0x0000000109154000,0x0000000109955000] byte_map_base: 0x0000000105b54000

Marking Bits: (ParMarkBitMap*) 0x00000001086e6eb0
 Begin Bits: [0x0000000109eab000, 0x000000010deab000)
 End Bits:   [0x000000010deab000, 0x0000000111eab000)

Polling page: 0x0000000106d0a000

CodeCache: size=245760Kb used=8839Kb max_used=8866Kb free=236920Kb
 bounds [0x0000000112d41000, 0x00000001135f1000, 0x0000000121d41000]
 total_blobs=3302 nmethods=2710 adapters=503
 compilation: enabled

Compilation events (10 events):
Event: 19595.472 Thread 0x00007fe165863000 2771       2       arc.kt::<init> (162 bytes)
Event: 19595.473 Thread 0x00007fe165863000 nmethod 2771 0x00000001135d9bd0 code [0x00000001135d9e40, 0x00000001135da488]
Event: 19595.473 Thread 0x00007fe165863000 2773   !   2       arc.qC::a (56 bytes)
Event: 19595.475 Thread 0x00007fe165863000 nmethod 2773 0x00000001135da990 code [0x00000001135daba0, 0x00000001135db168]
Event: 19595.551 Thread 0x00007fe165863000 2774   !   2       java.util.Collections$SynchronizedCollection::add (25 bytes)
Event: 19595.551 Thread 0x00007fe165863000 nmethod 2774 0x00000001135e2050 code [0x00000001135e21c0, 0x00000001135e24e8]
Event: 19595.554 Thread 0x00007fe165863000 2775       2       java.util.jar.Attributes::get (11 bytes)
Event: 19595.554 Thread 0x00007fe165863000 nmethod 2775 0x00000001135e2610 code [0x00000001135e2780, 0x00000001135e2908]
Event: 19595.554 Thread 0x00007fe165863000 2776       2       java.util.jar.Attributes::getValue (9 bytes)
Event: 19595.554 Thread 0x00007fe165863000 nmethod 2776 0x00000001135e2990 code [0x00000001135e2b00, 0x00000001135e2ca8]

GC Heap History (6 events):
Event: 19594.686 GC heap before
{Heap before GC invocations=1 (full 0):
 PSYoungGen      total 76288K, used 65536K [0x000000076ab00000, 0x0000000770000000, 0x00000007c0000000)
  eden space 65536K, 100% used [0x000000076ab00000,0x000000076eb00000,0x000000076eb00000)
  from space 10752K, 0% used [0x000000076f580000,0x000000076f580000,0x0000000770000000)
  to   space 10752K, 0% used [0x000000076eb00000,0x000000076eb00000,0x000000076f580000)
 ParOldGen       total 175104K, used 0K [0x00000006c0000000, 0x00000006cab00000, 0x000000076ab00000)
  object space 175104K, 0% used [0x00000006c0000000,0x00000006c0000000,0x00000006cab00000)
 Metaspace       used 20505K, capacity 20814K, committed 21248K, reserved 1067008K
  class space    used 2612K, capacity 2720K, committed 2816K, reserved 1048576K
Event: 19594.715 GC heap after
Heap after GC invocations=1 (full 0):
 PSYoungGen      total 76288K, used 10726K [0x000000076ab00000, 0x0000000770000000, 0x00000007c0000000)
  eden space 65536K, 0% used [0x000000076ab00000,0x000000076ab00000,0x000000076eb00000)
  from space 10752K, 99% used [0x000000076eb00000,0x000000076f5799c8,0x000000076f580000)
  to   space 10752K, 0% used [0x000000076f580000,0x000000076f580000,0x0000000770000000)
 ParOldGen       total 175104K, used 8961K [0x00000006c0000000, 0x00000006cab00000, 0x000000076ab00000)
  object space 175104K, 5% used [0x00000006c0000000,0x00000006c08c06a8,0x00000006cab00000)
 Metaspace       used 20505K, capacity 20814K, committed 21248K, reserved 1067008K
  class space    used 2612K, capacity 2720K, committed 2816K, reserved 1048576K
}
Event: 19595.477 GC heap before
{Heap before GC invocations=2 (full 0):
 PSYoungGen      total 76288K, used 55542K [0x000000076ab00000, 0x0000000770000000, 0x00000007c0000000)
  eden space 65536K, 68% used [0x000000076ab00000,0x000000076d6c3ef8,0x000000076eb00000)
  from space 10752K, 99% used [0x000000076eb00000,0x000000076f5799c8,0x000000076f580000)
  to   space 10752K, 0% used [0x000000076f580000,0x000000076f580000,0x0000000770000000)
 ParOldGen       total 175104K, used 8961K [0x00000006c0000000, 0x00000006cab00000, 0x000000076ab00000)
  object space 175104K, 5% used [0x00000006c0000000,0x00000006c08c06a8,0x00000006cab00000)
 Metaspace       used 20729K, capacity 21038K, committed 21248K, reserved 1067008K
  class space    used 2622K, capacity 2752K, committed 2816K, reserved 1048576K
Event: 19595.493 GC heap after
Heap after GC invocations=2 (full 0):
 PSYoungGen      total 76288K, used 10729K [0x000000076ab00000, 0x0000000774000000, 0x00000007c0000000)
  eden space 65536K, 0% used [0x000000076ab00000,0x000000076ab00000,0x000000076eb00000)
  from space 10752K, 99% used [0x000000076f580000,0x000000076fffa720,0x0000000770000000)
  to   space 10752K, 0% used [0x000000076eb00000,0x000000076eb00000,0x000000076f580000)
 ParOldGen       total 175104K, used 18173K [0x00000006c0000000, 0x00000006cab00000, 0x000000076ab00000)
  object space 175104K, 10% used [0x00000006c0000000,0x00000006c11bf578,0x00000006cab00000)
 Metaspace       used 20729K, capacity 21038K, committed 21248K, reserved 1067008K
  class space    used 2622K, capacity 2752K, committed 2816K, reserved 1048576K
}
Event: 19595.493 GC heap before
{Heap before GC invocations=3 (full 1):
 PSYoungGen      total 76288K, used 10729K [0x000000076ab00000, 0x0000000774000000, 0x00000007c0000000)
  eden space 65536K, 0% used [0x000000076ab00000,0x000000076ab00000,0x000000076eb00000)
  from space 10752K, 99% used [0x000000076f580000,0x000000076fffa720,0x0000000770000000)
  to   space 10752K, 0% used [0x000000076eb00000,0x000000076eb00000,0x000000076f580000)
 ParOldGen       total 175104K, used 18173K [0x00000006c0000000, 0x00000006cab00000, 0x000000076ab00000)
  object space 175104K, 10% used [0x00000006c0000000,0x00000006c11bf578,0x00000006cab00000)
 Metaspace       used 20729K, capacity 21038K, committed 21248K, reserved 1067008K
  class space    used 2622K, capacity 2752K, committed 2816K, reserved 1048576K
Event: 19595.548 GC heap after
Heap after GC invocations=3 (full 1):
 PSYoungGen      total 76288K, used 0K [0x000000076ab00000, 0x0000000774000000, 0x00000007c0000000)
  eden space 65536K, 0% used [0x000000076ab00000,0x000000076ab00000,0x000000076eb00000)
  from space 10752K, 0% used [0x000000076f580000,0x000000076f580000,0x0000000770000000)
  to   space 10752K, 0% used [0x000000076eb00000,0x000000076eb00000,0x000000076f580000)
 ParOldGen       total 96256K, used 20856K [0x00000006c0000000, 0x00000006c5e00000, 0x000000076ab00000)
  object space 96256K, 21% used [0x00000006c0000000,0x00000006c145e208,0x00000006c5e00000)
 Metaspace       used 20714K, capacity 21014K, committed 21248K, reserved 1067008K
  class space    used 2618K, capacity 2744K, committed 2816K, reserved 1048576K
}

Deoptimization events (10 events):
Event: 19595.347 Thread 0x00007fe163157800 Uncommon trap: reason=unstable_if action=reinterpret pc=0x0000000113558604 method=com.sun.org.apache.xerces.internal.util.SymbolTable.addSymbol([CII)Ljava/lang/String; @ 64
Event: 19595.366 Thread 0x00007fe163157800 Uncommon trap: reason=unstable_if action=reinterpret pc=0x0000000113582ccc method=com.sun.org.apache.xerces.internal.impl.XMLEntityScanner.scanQName(Lcom/sun/org/apache/xerces/internal/xni/QName;)Z @ 69
Event: 19595.379 Thread 0x00007fe163157800 Uncommon trap: reason=unstable_if action=reinterpret pc=0x0000000113556278 method=com.sun.org.apache.xerces.internal.impl.XMLEntityScanner.scanContent(Lcom/sun/org/apache/xerces/internal/xni/XMLString;)I @ 44
Event: 19595.400 Thread 0x00007fe163157800 Uncommon trap: reason=unstable_if action=reinterpret pc=0x00000001135881f4 method=sun.nio.cs.UTF_8$Decoder.decodeArrayLoop(Ljava/nio/ByteBuffer;Ljava/nio/CharBuffer;)Ljava/nio/charset/CoderResult; @ 84
Event: 19595.404 Thread 0x00007fe163157800 Uncommon trap: reason=unstable_if action=reinterpret pc=0x000000011358dec0 method=com.sun.org.apache.xerces.internal.impl.XMLEntityScanner.skipSpaces()Z @ 266
Event: 19595.409 Thread 0x00007fe163157800 Uncommon trap: reason=unstable_if action=reinterpret pc=0x000000011359a6c4 method=com.sun.org.apache.xerces.internal.impl.XMLEntityScanner.scanContent(Lcom/sun/org/apache/xerces/internal/xni/XMLString;)I @ 118
Event: 19595.410 Thread 0x00007fe163157800 Uncommon trap: reason=unstable_if action=reinterpret pc=0x000000011354b820 method=com.sun.org.apache.xerces.internal.impl.XMLEntityScanner.skipSpaces()Z @ 266
Event: 19595.458 Thread 0x00007fe163157800 Uncommon trap: reason=class_check action=maybe_recompile pc=0x0000000113585c94 method=com.sun.org.apache.xerces.internal.impl.XMLDocumentScannerImpl.next()I @ 4
Event: 19595.548 Thread 0x00007fe163826800 Uncommon trap: reason=unstable_if action=reinterpret pc=0x0000000112e747f0 method=java.lang.ref.ReferenceQueue.poll()Ljava/lang/ref/Reference; @ 4
Event: 19595.553 Thread 0x00007fe163826800 Uncommon trap: reason=unstable_if action=reinterpret pc=0x000000011350e7bc method=java.lang.ref.ReferenceQueue.poll()Ljava/lang/ref/Reference; @ 4

Internal exceptions (10 events):
Event: 0.097 Thread 0x00007fe163805000 Exception <a 'java/security/PrivilegedActionException'> (0x000000076abbd150) thrown at [/Users/java_re/workspace/8-2-build-macosx-x86_64/jdk8u91/6644/hotspot/src/share/vm/prims/jvm.cpp, line 1386]
Event: 0.097 Thread 0x00007fe163805000 Exception <a 'java/security/PrivilegedActionException'> (0x000000076abbd360) thrown at [/Users/java_re/workspace/8-2-build-macosx-x86_64/jdk8u91/6644/hotspot/src/share/vm/prims/jvm.cpp, line 1386]
Event: 0.141 Thread 0x00007fe163805000 Exception <a 'java/security/PrivilegedActionException'> (0x000000076ae50d90) thrown at [/Users/java_re/workspace/8-2-build-macosx-x86_64/jdk8u91/6644/hotspot/src/share/vm/prims/jvm.cpp, line 1386]
Event: 0.141 Thread 0x00007fe163805000 Exception <a 'java/security/PrivilegedActionException'> (0x000000076ae51188) thrown at [/Users/java_re/workspace/8-2-build-macosx-x86_64/jdk8u91/6644/hotspot/src/share/vm/prims/jvm.cpp, line 1386]
Event: 0.141 Thread 0x00007fe163805000 Exception <a 'java/security/PrivilegedActionException'> (0x000000076ae54610) thrown at [/Users/java_re/workspace/8-2-build-macosx-x86_64/jdk8u91/6644/hotspot/src/share/vm/prims/jvm.cpp, line 1386]
Event: 0.141 Thread 0x00007fe163805000 Exception <a 'java/security/PrivilegedActionException'> (0x000000076ae54a08) thrown at [/Users/java_re/workspace/8-2-build-macosx-x86_64/jdk8u91/6644/hotspot/src/share/vm/prims/jvm.cpp, line 1386]
Event: 0.222 Thread 0x00007fe163805000 Exception <a 'java/lang/NoSuchFieldError': method resolution failed> (0x000000076b0040c8) thrown at [/Users/java_re/workspace/8-2-build-macosx-x86_64/jdk8u91/6644/hotspot/src/share/vm/prims/methodHandles.cpp, line 1146]
Event: 0.224 Thread 0x00007fe163805000 Exception <a 'java/lang/NoSuchFieldError': method resolution failed> (0x000000076b011838) thrown at [/Users/java_re/workspace/8-2-build-macosx-x86_64/jdk8u91/6644/hotspot/src/share/vm/prims/methodHandles.cpp, line 1146]
Event: 0.525 Thread 0x00007fe163805000 Exception <a 'java/io/FileNotFoundException'> (0x000000076b08db68) thrown at [/Users/java_re/workspace/8-2-build-macosx-x86_64/jdk8u91/6644/hotspot/src/share/vm/prims/jni.cpp, line 709]
Event: 0.525 Thread 0x00007fe163805000 Exception <a 'java/io/FileNotFoundException'> (0x000000076b08e6b0) thrown at [/Users/java_re/workspace/8-2-build-macosx-x86_64/jdk8u91/6644/hotspot/src/share/vm/prims/jni.cpp, line 709]

Events (10 events):
Event: 19595.554 loading class arc/network/secure/ExTrustNotFound
Event: 19595.554 loading class arc/network/secure/ExTrustNotFound done
Event: 19595.554 loading class arc/network/secure/ExTrustInvalidType
Event: 19595.554 loading class arc/network/secure/ExTrustInvalidType done
Event: 19595.554 loading class arc/network/secure/ExTrustAlreadyExists
Event: 19595.554 loading class arc/network/secure/ExTrustAlreadyExists done
Event: 19595.555 loading class arc/nq
Event: 19595.555 loading class arc/nq done
Event: 19595.555 loading class arc/network/secure/ExEmptyTrustStore
Event: 19595.555 loading class arc/network/secure/ExEmptyTrustStore done


Dynamic libraries:
0x000000005b94a000 	/System/Library/Frameworks/Cocoa.framework/Versions/A/Cocoa
0x000000005b94a000 	/System/Library/Frameworks/Security.framework/Versions/A/Security
0x000000005b94a000 	/System/Library/Frameworks/ApplicationServices.framework/Versions/A/ApplicationServices
0x000000005b94a000 	/usr/lib/libz.1.dylib
0x000000005b94a000 	/usr/lib/libSystem.B.dylib
0x000000005b94a000 	/usr/lib/libobjc.A.dylib
0x000000005b94a000 	/System/Library/Frameworks/CoreFoundation.framework/Versions/A/CoreFoundation
0x000000005b94a000 	/System/Library/Frameworks/Foundation.framework/Versions/C/Foundation
0x000000005b94a000 	/System/Library/Frameworks/AppKit.framework/Versions/C/AppKit
0x000000005b94a000 	/System/Library/Frameworks/CoreData.framework/Versions/A/CoreData
0x000000005b94a000 	/System/Library/PrivateFrameworks/RemoteViewServices.framework/Versions/A/RemoteViewServices
0x000000005b94a000 	/System/Library/PrivateFrameworks/UIFoundation.framework/Versions/A/UIFoundation
0x000000005b94a000 	/System/Library/PrivateFrameworks/DFRFoundation.framework/Versions/A/DFRFoundation
0x000000005b94a000 	/usr/lib/libenergytrace.dylib
0x000000005b94a000 	/System/Library/PrivateFrameworks/SkyLight.framework/Versions/A/SkyLight
0x000000005b94a000 	/System/Library/Frameworks/CoreGraphics.framework/Versions/A/CoreGraphics
0x000000005b94a000 	/usr/lib/libScreenReader.dylib
0x000000005b94a000 	/System/Library/Frameworks/Accelerate.framework/Versions/A/Accelerate
0x000000005b94a000 	/System/Library/Frameworks/IOSurface.framework/Versions/A/IOSurface
0x000000005b94a000 	/System/Library/Frameworks/AudioToolbox.framework/Versions/A/AudioToolbox
0x000000005b94a000 	/System/Library/Frameworks/AudioUnit.framework/Versions/A/AudioUnit
0x000000005b94a000 	/System/Library/PrivateFrameworks/DataDetectorsCore.framework/Versions/A/DataDetectorsCore
0x000000005b94a000 	/System/Library/PrivateFrameworks/DesktopServicesPriv.framework/Versions/A/DesktopServicesPriv
0x000000005b94a000 	/System/Library/Frameworks/Carbon.framework/Versions/A/Frameworks/HIToolbox.framework/Versions/A/HIToolbox
0x000000005b94a000 	/usr/lib/libicucore.A.dylib
0x000000005b94a000 	/System/Library/Frameworks/QuartzCore.framework/Versions/A/QuartzCore
0x000000005b94a000 	/System/Library/Frameworks/Carbon.framework/Versions/A/Frameworks/SpeechRecognition.framework/Versions/A/SpeechRecognition
0x000000005b94a000 	/usr/lib/libauto.dylib
0x000000005b94a000 	/usr/lib/libxml2.2.dylib
0x000000005b94a000 	/System/Library/PrivateFrameworks/CoreUI.framework/Versions/A/CoreUI
0x000000005b94a000 	/System/Library/Frameworks/CoreAudio.framework/Versions/A/CoreAudio
0x000000005b94a000 	/System/Library/Frameworks/DiskArbitration.framework/Versions/A/DiskArbitration
0x000000005b94a000 	/usr/lib/liblangid.dylib
0x000000005b94a000 	/System/Library/PrivateFrameworks/MultitouchSupport.framework/Versions/A/MultitouchSupport
0x000000005b94a000 	/System/Library/Frameworks/IOKit.framework/Versions/A/IOKit
0x000000005b94a000 	/usr/lib/libDiagnosticMessagesClient.dylib
0x000000005b94a000 	/System/Library/Frameworks/CoreServices.framework/Versions/A/CoreServices
0x000000005b94a000 	/System/Library/PrivateFrameworks/PerformanceAnalysis.framework/Versions/A/PerformanceAnalysis
0x000000005b94a000 	/System/Library/PrivateFrameworks/GenerationalStorage.framework/Versions/A/GenerationalStorage
0x000000005b94a000 	/System/Library/Frameworks/OpenGL.framework/Versions/A/OpenGL
0x000000005b94a000 	/System/Library/Frameworks/CoreImage.framework/Versions/A/CoreImage
0x000000005b94a000 	/System/Library/Frameworks/CoreText.framework/Versions/A/CoreText
0x000000005b94a000 	/System/Library/Frameworks/ImageIO.framework/Versions/A/ImageIO
0x000000005b94a000 	/System/Library/PrivateFrameworks/Backup.framework/Versions/A/Backup
0x000000005b94a000 	/usr/lib/libarchive.2.dylib
0x000000005b94a000 	/System/Library/Frameworks/CFNetwork.framework/Versions/A/CFNetwork
0x000000005b94a000 	/System/Library/Frameworks/SystemConfiguration.framework/Versions/A/SystemConfiguration
0x000000005b94a000 	/usr/lib/libCRFSuite.dylib
0x000000005b94a000 	/usr/lib/libc++.1.dylib
0x000000005b94a000 	/usr/lib/libc++abi.dylib
0x000000005b94a000 	/usr/lib/system/libcache.dylib
0x000000005b94a000 	/usr/lib/system/libcommonCrypto.dylib
0x000000005b94a000 	/usr/lib/system/libcompiler_rt.dylib
0x000000005b94a000 	/usr/lib/system/libcopyfile.dylib
0x000000005b94a000 	/usr/lib/system/libcorecrypto.dylib
0x000000005b94a000 	/usr/lib/system/libdispatch.dylib
0x000000005b94a000 	/usr/lib/system/libdyld.dylib
0x000000005b94a000 	/usr/lib/system/libkeymgr.dylib
0x000000005b94a000 	/usr/lib/system/liblaunch.dylib
0x000000005b94a000 	/usr/lib/system/libmacho.dylib
0x000000005b94a000 	/usr/lib/system/libquarantine.dylib
0x000000005b94a000 	/usr/lib/system/libremovefile.dylib
0x000000005b94a000 	/usr/lib/system/libsystem_asl.dylib
0x000000005b94a000 	/usr/lib/system/libsystem_blocks.dylib
0x000000005b94a000 	/usr/lib/system/libsystem_c.dylib
0x000000005b94a000 	/usr/lib/system/libsystem_configuration.dylib
0x000000005b94a000 	/usr/lib/system/libsystem_coreservices.dylib
0x000000005b94a000 	/usr/lib/system/libsystem_coretls.dylib
0x000000005b94a000 	/usr/lib/system/libsystem_dnssd.dylib
0x000000005b94a000 	/usr/lib/system/libsystem_info.dylib
0x000000005b94a000 	/usr/lib/system/libsystem_kernel.dylib
0x000000005b94a000 	/usr/lib/system/libsystem_m.dylib
0x000000005b94a000 	/usr/lib/system/libsystem_malloc.dylib
0x000000005b94a000 	/usr/lib/system/libsystem_network.dylib
0x000000005b94a000 	/usr/lib/system/libsystem_networkextension.dylib
0x000000005b94a000 	/usr/lib/system/libsystem_notify.dylib
0x000000005b94a000 	/usr/lib/system/libsystem_platform.dylib
0x000000005b94a000 	/usr/lib/system/libsystem_pthread.dylib
0x000000005b94a000 	/usr/lib/system/libsystem_sandbox.dylib
0x000000005b94a000 	/usr/lib/system/libsystem_secinit.dylib
0x000000005b94a000 	/usr/lib/system/libsystem_symptoms.dylib
0x000000005b94a000 	/usr/lib/system/libsystem_trace.dylib
0x000000005b94a000 	/usr/lib/system/libunwind.dylib
0x000000005b94a000 	/usr/lib/system/libxpc.dylib
0x000000005b94a000 	/usr/lib/libbsm.0.dylib
0x000000005b94a000 	/usr/lib/system/libkxld.dylib
0x000000005b94a000 	/usr/lib/libcoretls.dylib
0x000000005b94a000 	/usr/lib/libcoretls_cfhelpers.dylib
0x000000005b94a000 	/usr/lib/libxar.1.dylib
0x000000005b94a000 	/usr/lib/libsqlite3.dylib
0x000000005b94a000 	/usr/lib/libpam.2.dylib
0x000000005b94a000 	/usr/lib/libOpenScriptingUtil.dylib
0x000000005b94a000 	/usr/lib/libbz2.1.0.dylib
0x000000005b94a000 	/usr/lib/liblzma.5.dylib
0x000000005b94a000 	/usr/lib/libnetwork.dylib
0x000000005b94a000 	/usr/lib/libpcap.A.dylib
0x000000005b94a000 	/System/Library/Frameworks/CoreServices.framework/Versions/A/Frameworks/FSEvents.framework/Versions/A/FSEvents
0x000000005b94a000 	/System/Library/Frameworks/CoreServices.framework/Versions/A/Frameworks/CarbonCore.framework/Versions/A/CarbonCore
0x000000005b94a000 	/System/Library/Frameworks/CoreServices.framework/Versions/A/Frameworks/Metadata.framework/Versions/A/Metadata
0x000000005b94a000 	/System/Library/Frameworks/CoreServices.framework/Versions/A/Frameworks/OSServices.framework/Versions/A/OSServices
0x000000005b94a000 	/System/Library/Frameworks/CoreServices.framework/Versions/A/Frameworks/SearchKit.framework/Versions/A/SearchKit
0x000000005b94a000 	/System/Library/Frameworks/CoreServices.framework/Versions/A/Frameworks/AE.framework/Versions/A/AE
0x000000005b94a000 	/System/Library/Frameworks/CoreServices.framework/Versions/A/Frameworks/LaunchServices.framework/Versions/A/LaunchServices
0x000000005b94a000 	/System/Library/Frameworks/CoreServices.framework/Versions/A/Frameworks/DictionaryServices.framework/Versions/A/DictionaryServices
0x000000005b94a000 	/System/Library/Frameworks/CoreServices.framework/Versions/A/Frameworks/SharedFileList.framework/Versions/A/SharedFileList
0x000000005b94a000 	/System/Library/Frameworks/NetFS.framework/Versions/A/NetFS
0x000000005b94a000 	/System/Library/PrivateFrameworks/NetAuth.framework/Versions/A/NetAuth
0x000000005b94a000 	/System/Library/PrivateFrameworks/login.framework/Versions/A/Frameworks/loginsupport.framework/Versions/A/loginsupport
0x000000005b94a000 	/System/Library/PrivateFrameworks/TCC.framework/Versions/A/TCC
0x000000005b94a000 	/usr/lib/libmecabra.dylib
0x000000005b94a000 	/System/Library/Frameworks/ApplicationServices.framework/Versions/A/Frameworks/ATS.framework/Versions/A/ATS
0x000000005b94a000 	/System/Library/Frameworks/ApplicationServices.framework/Versions/A/Frameworks/ColorSync.framework/Versions/A/ColorSync
0x000000005b94a000 	/System/Library/Frameworks/ApplicationServices.framework/Versions/A/Frameworks/HIServices.framework/Versions/A/HIServices
0x000000005b94a000 	/System/Library/Frameworks/ApplicationServices.framework/Versions/A/Frameworks/LangAnalysis.framework/Versions/A/LangAnalysis
0x000000005b94a000 	/System/Library/Frameworks/ApplicationServices.framework/Versions/A/Frameworks/PrintCore.framework/Versions/A/PrintCore
0x000000005b94a000 	/System/Library/Frameworks/ApplicationServices.framework/Versions/A/Frameworks/QD.framework/Versions/A/QD
0x000000005b94a000 	/System/Library/Frameworks/ApplicationServices.framework/Versions/A/Frameworks/SpeechSynthesis.framework/Versions/A/SpeechSynthesis
0x000000005b94a000 	/System/Library/Frameworks/Accelerate.framework/Versions/A/Frameworks/vImage.framework/Versions/A/vImage
0x000000005b94a000 	/System/Library/Frameworks/Accelerate.framework/Versions/A/Frameworks/vecLib.framework/Versions/A/vecLib
0x000000005b94a000 	/System/Library/Frameworks/Accelerate.framework/Versions/A/Frameworks/vecLib.framework/Versions/A/libvDSP.dylib
0x000000005b94a000 	/System/Library/Frameworks/Accelerate.framework/Versions/A/Frameworks/vecLib.framework/Versions/A/libBNNS.dylib
0x000000005b94a000 	/System/Library/Frameworks/Accelerate.framework/Versions/A/Frameworks/vecLib.framework/Versions/A/libQuadrature.dylib
0x000000005b94a000 	/System/Library/Frameworks/Accelerate.framework/Versions/A/Frameworks/vecLib.framework/Versions/A/libvMisc.dylib
0x000000005b94a000 	/System/Library/Frameworks/Accelerate.framework/Versions/A/Frameworks/vecLib.framework/Versions/A/libLAPACK.dylib
0x000000005b94a000 	/System/Library/Frameworks/Accelerate.framework/Versions/A/Frameworks/vecLib.framework/Versions/A/libBLAS.dylib
0x000000005b94a000 	/System/Library/Frameworks/Accelerate.framework/Versions/A/Frameworks/vecLib.framework/Versions/A/libLinearAlgebra.dylib
0x000000005b94a000 	/System/Library/Frameworks/Accelerate.framework/Versions/A/Frameworks/vecLib.framework/Versions/A/libSparseBLAS.dylib
0x000000005b94a000 	/System/Library/Frameworks/ApplicationServices.framework/Versions/A/Frameworks/ATS.framework/Versions/A/Resources/libFontParser.dylib
0x000000005b94a000 	/System/Library/Frameworks/ApplicationServices.framework/Versions/A/Frameworks/ATS.framework/Versions/A/Resources/libFontRegistry.dylib
0x000000005b94a000 	/System/Library/Frameworks/ImageIO.framework/Versions/A/Resources/libJPEG.dylib
0x000000005b94a000 	/System/Library/Frameworks/ImageIO.framework/Versions/A/Resources/libTIFF.dylib
0x000000005b94a000 	/System/Library/Frameworks/ImageIO.framework/Versions/A/Resources/libPng.dylib
0x000000005b94a000 	/System/Library/Frameworks/ImageIO.framework/Versions/A/Resources/libGIF.dylib
0x000000005b94a000 	/System/Library/Frameworks/ImageIO.framework/Versions/A/Resources/libJP2.dylib
0x000000005b94a000 	/System/Library/Frameworks/ImageIO.framework/Versions/A/Resources/libRadiance.dylib
0x000000005b94a000 	/usr/lib/libcompression.dylib
0x000000005b94a000 	/System/Library/PrivateFrameworks/AppleJPEG.framework/Versions/A/AppleJPEG
0x000000005b94a000 	/usr/lib/libcups.2.dylib
0x000000005b94a000 	/System/Library/Frameworks/Kerberos.framework/Versions/A/Kerberos
0x000000005b94a000 	/System/Library/Frameworks/GSS.framework/Versions/A/GSS
0x000000005b94a000 	/usr/lib/libresolv.9.dylib
0x000000005b94a000 	/usr/lib/libiconv.2.dylib
0x000000005b94a000 	/System/Library/PrivateFrameworks/Heimdal.framework/Versions/A/Heimdal
0x000000005b94a000 	/usr/lib/libheimdal-asn1.dylib
0x000000005b94a000 	/System/Library/Frameworks/OpenDirectory.framework/Versions/A/OpenDirectory
0x000000005b94a000 	/System/Library/PrivateFrameworks/CommonAuth.framework/Versions/A/CommonAuth
0x000000005b94a000 	/System/Library/Frameworks/OpenDirectory.framework/Versions/A/Frameworks/CFOpenDirectory.framework/Versions/A/CFOpenDirectory
0x000000005b94a000 	/System/Library/Frameworks/SecurityFoundation.framework/Versions/A/SecurityFoundation
0x000000005b94a000 	/System/Library/PrivateFrameworks/LanguageModeling.framework/Versions/A/LanguageModeling
0x000000005b94a000 	/usr/lib/libmarisa.dylib
0x000000005b94a000 	/usr/lib/libChineseTokenizer.dylib
0x000000005b94a000 	/usr/lib/libcmph.dylib
0x000000005b94a000 	/System/Library/PrivateFrameworks/CoreEmoji.framework/Versions/A/CoreEmoji
0x000000005b94a000 	/System/Library/Frameworks/ServiceManagement.framework/Versions/A/ServiceManagement
0x000000005b94a000 	/usr/lib/libxslt.1.dylib
0x000000005b94a000 	/System/Library/Frameworks/Carbon.framework/Versions/A/Frameworks/Ink.framework/Versions/A/Ink
0x000000005b94a000 	/System/Library/PrivateFrameworks/TextureIO.framework/Versions/A/TextureIO
0x000000005b94a000 	/System/Library/Frameworks/Metal.framework/Versions/A/Metal
0x000000005b94a000 	/usr/lib/libate.dylib
0x000000005b94a000 	/System/Library/PrivateFrameworks/GPUCompiler.framework/libmetal_timestamp.dylib
0x000000005b94a000 	/System/Library/Frameworks/OpenGL.framework/Versions/A/Libraries/libCoreFSCache.dylib
0x000000005b94a000 	/System/Library/PrivateFrameworks/IOAccelerator.framework/Versions/A/IOAccelerator
0x000000005b94a000 	/System/Library/Frameworks/CoreVideo.framework/Versions/A/CoreVideo
0x000000005b94a000 	/usr/lib/libFosl_dynamic.dylib
0x000000005b94a000 	/System/Library/PrivateFrameworks/MetalPerformanceShaders.framework/Versions/A/MetalPerformanceShaders
0x000000005b94a000 	/System/Library/PrivateFrameworks/FaceCore.framework/Versions/A/FaceCore
0x000000005b94a000 	/System/Library/Frameworks/OpenCL.framework/Versions/A/OpenCL
0x000000005b94a000 	/System/Library/Frameworks/OpenGL.framework/Versions/A/Libraries/libGLU.dylib
0x000000005b94a000 	/System/Library/Frameworks/OpenGL.framework/Versions/A/Libraries/libGFXShared.dylib
0x000000005b94a000 	/System/Library/Frameworks/OpenGL.framework/Versions/A/Libraries/libGL.dylib
0x000000005b94a000 	/System/Library/Frameworks/OpenGL.framework/Versions/A/Libraries/libGLImage.dylib
0x000000005b94a000 	/System/Library/Frameworks/OpenGL.framework/Versions/A/Libraries/libCVMSPluginSupport.dylib
0x000000005b94a000 	/System/Library/Frameworks/OpenGL.framework/Versions/A/Libraries/libCoreVMClient.dylib
0x000000005b94a000 	/System/Library/PrivateFrameworks/CrashReporterSupport.framework/Versions/A/CrashReporterSupport
0x000000005b94a000 	/System/Library/PrivateFrameworks/Sharing.framework/Versions/A/Sharing
0x000000005b94a000 	/System/Library/PrivateFrameworks/IconServices.framework/Versions/A/IconServices
0x000000005b94a000 	/System/Library/PrivateFrameworks/ProtocolBuffer.framework/Versions/A/ProtocolBuffer
0x000000005b94a000 	/System/Library/PrivateFrameworks/Apple80211.framework/Versions/A/Apple80211
0x000000005b94a000 	/System/Library/Frameworks/CoreWLAN.framework/Versions/A/CoreWLAN
0x000000005b94a000 	/System/Library/PrivateFrameworks/CoreUtils.framework/Versions/A/CoreUtils
0x000000005b94a000 	/System/Library/Frameworks/IOBluetooth.framework/Versions/A/IOBluetooth
0x000000005b94a000 	/System/Library/PrivateFrameworks/CoreWiFi.framework/Versions/A/CoreWiFi
0x000000005b94a000 	/System/Library/Frameworks/CoreBluetooth.framework/Versions/A/CoreBluetooth
0x000000005b94a000 	/System/Library/Frameworks/CoreDisplay.framework/Versions/A/CoreDisplay
0x000000005b94a000 	/System/Library/PrivateFrameworks/IOPresentment.framework/Versions/A/IOPresentment
0x000000005b94a000 	/System/Library/PrivateFrameworks/DebugSymbols.framework/Versions/A/DebugSymbols
0x000000005b94a000 	/System/Library/PrivateFrameworks/CoreSymbolication.framework/Versions/A/CoreSymbolication
0x000000005b94a000 	/System/Library/PrivateFrameworks/Symbolication.framework/Versions/A/Symbolication
0x000000005b94a000 	/System/Library/PrivateFrameworks/AppleFSCompression.framework/Versions/A/AppleFSCompression
0x000000005b94a000 	/System/Library/PrivateFrameworks/SpeechRecognitionCore.framework/Versions/A/SpeechRecognitionCore
0x000000005b94a000 	/System/Library/PrivateFrameworks/ChunkingLibrary.framework/Versions/A/ChunkingLibrary
0x0000000107e00000 	/Library/Java/JavaVirtualMachines/jdk1.8.0_91.jdk/Contents/Home/jre/lib/server/libjvm.dylib
0x000000005b94a000 	/usr/lib/libstdc++.6.dylib
0x0000000106cc7000 	/Library/Java/JavaVirtualMachines/jdk1.8.0_91.jdk/Contents/Home/jre/lib/libverify.dylib
0x0000000106cd5000 	/Library/Java/JavaVirtualMachines/jdk1.8.0_91.jdk/Contents/Home/jre/lib/libjava.dylib
0x0000000106d14000 	/Library/Java/JavaVirtualMachines/jdk1.8.0_91.jdk/Contents/Home/jre/lib/libzip.dylib
0x0000000123de1000 	/System/Library/Frameworks/JavaVM.framework/Frameworks/JavaRuntimeSupport.framework/JavaRuntimeSupport
0x0000000106de8000 	/System/Library/Frameworks/JavaVM.framework/Versions/A/Frameworks/JavaNativeFoundation.framework/Versions/A/JavaNativeFoundation
0x0000000123dfb000 	/System/Library/Frameworks/JavaVM.framework/Versions/A/JavaVM
0x000000005b94a000 	/System/Library/Frameworks/Carbon.framework/Versions/A/Carbon
0x0000000123e08000 	/System/Library/PrivateFrameworks/JavaLaunching.framework/Versions/A/JavaLaunching
0x000000005b94a000 	/System/Library/Frameworks/Carbon.framework/Versions/A/Frameworks/CommonPanels.framework/Versions/A/CommonPanels
0x000000005b94a000 	/System/Library/Frameworks/Carbon.framework/Versions/A/Frameworks/Help.framework/Versions/A/Help
0x000000005b94a000 	/System/Library/Frameworks/Carbon.framework/Versions/A/Frameworks/ImageCapture.framework/Versions/A/ImageCapture
0x000000005b94a000 	/System/Library/Frameworks/Carbon.framework/Versions/A/Frameworks/OpenScripting.framework/Versions/A/OpenScripting
0x000000005b94a000 	/System/Library/Frameworks/Carbon.framework/Versions/A/Frameworks/Print.framework/Versions/A/Print
0x000000005b94a000 	/System/Library/Frameworks/Carbon.framework/Versions/A/Frameworks/SecurityHI.framework/Versions/A/SecurityHI
0x0000000125784000 	/Library/Java/JavaVirtualMachines/jdk1.8.0_91.jdk/Contents/Home/jre/lib/libawt.dylib
0x000000012582c000 	/Library/Java/JavaVirtualMachines/jdk1.8.0_91.jdk/Contents/Home/jre/lib/./libmlib_image.dylib
0x00000001258f8000 	/Library/Java/JavaVirtualMachines/jdk1.8.0_91.jdk/Contents/Home/jre/lib/libawt_lwawt.dylib
0x00000001259ad000 	/Library/Java/JavaVirtualMachines/jdk1.8.0_91.jdk/Contents/Home/jre/lib/./libosxapp.dylib
0x000000005b94a000 	/System/Library/Frameworks/ExceptionHandling.framework/Versions/A/ExceptionHandling
0x000000005b94a000 	/System/Library/PrivateFrameworks/CoreServicesInternal.framework/Versions/A/CoreServicesInternal
0x000000005b94a000 	/System/Library/CoreServices/RawCamera.bundle/Contents/MacOS/RawCamera
0x000000005b94a000 	/System/Library/Frameworks/Accelerate.framework/Versions/A/Frameworks/vImage.framework/Versions/A/Libraries/libCGInterfaces.dylib
0x000000005b94a000 	/System/Library/Frameworks/ApplicationServices.framework/Versions/A/Frameworks/ATS.framework/Versions/A/Resources/libTrueTypeScaler.dylib
0x000000005b94a000 	/System/Library/Frameworks/OpenGL.framework/Versions/A/Resources/GLEngine.bundle/GLEngine
0x000000005b94a000 	/System/Library/Frameworks/OpenGL.framework/Versions/A/Libraries/libGLProgrammability.dylib
0x00000001278d2000 	/System/Library/Extensions/AppleIntelHD5000GraphicsGLDriver.bundle/Contents/MacOS/AppleIntelHD5000GraphicsGLDriver
0x000000005b94a000 	/System/Library/PrivateFrameworks/GPUSupport.framework/Versions/A/Libraries/libGPUSupportMercury.dylib
0x000000005b94a000 	/System/Library/Frameworks/OpenGL.framework/Versions/A/Resources/GLRendererFloat.bundle/GLRendererFloat
0x000000005b94a000 	/System/Library/Frameworks/OpenCL.framework/Versions/A/Libraries/libcldcpuengine.dylib
0x000000005b94a000 	/usr/lib/libcrypto.0.9.8.dylib
0x000000005b94a000 	/System/Library/PrivateFrameworks/TrustEvaluationAgent.framework/Versions/A/TrustEvaluationAgent
0x0000000128050000 	/System/Library/Extensions/AppleIntelHD5000GraphicsMTLDriver.bundle/Contents/MacOS/AppleIntelHD5000GraphicsMTLDriver
0x000000005b94a000 	/System/Library/PrivateFrameworks/FamilyControls.framework/Versions/A/FamilyControls
0x000000005b94a000 	/System/Library/PrivateFrameworks/CommerceKit.framework/Versions/A/Frameworks/CommerceCore.framework/Versions/A/CommerceCore
0x000000005b94a000 	/System/Library/PrivateFrameworks/SystemAdministration.framework/Versions/A/SystemAdministration
0x000000005b94a000 	/System/Library/PrivateFrameworks/AppContainer.framework/Versions/A/AppContainer
0x000000005b94a000 	/System/Library/PrivateFrameworks/SecCodeWrapper.framework/Versions/A/SecCodeWrapper
0x000000005b94a000 	/System/Library/Frameworks/DirectoryService.framework/Versions/A/DirectoryService
0x000000005b94a000 	/System/Library/PrivateFrameworks/DiskImages.framework/Versions/A/DiskImages
0x000000005b94a000 	/System/Library/PrivateFrameworks/LoginUIKit.framework/Versions/A/Frameworks/LoginUICore.framework/Versions/A/LoginUICore
0x000000005b94a000 	/usr/lib/libCoreStorage.dylib
0x000000005b94a000 	/usr/lib/libcsfde.dylib
0x000000005b94a000 	/usr/lib/libodfde.dylib
0x000000005b94a000 	/System/Library/Frameworks/DiscRecording.framework/Versions/A/DiscRecording
0x000000005b94a000 	/usr/lib/libcurl.4.dylib
0x000000005b94a000 	/System/Library/PrivateFrameworks/MediaKit.framework/Versions/A/MediaKit
0x000000005b94a000 	/System/Library/PrivateFrameworks/ProtectedCloudStorage.framework/Versions/A/ProtectedCloudStorage
0x000000005b94a000 	/System/Library/PrivateFrameworks/EFILogin.framework/Versions/A/EFILogin
0x000000005b94a000 	/usr/lib/libutil.dylib
0x000000005b94a000 	/System/Library/Frameworks/LDAP.framework/Versions/A/LDAP
0x000000005b94a000 	/usr/lib/libsasl2.2.dylib
0x000000005b94a000 	/System/Library/PrivateFrameworks/CoreDaemon.framework/Versions/B/CoreDaemon
0x000000005b94a000 	/System/Library/PrivateFrameworks/AppleSRP.framework/Versions/A/AppleSRP
0x000000005b94a000 	/System/Library/PrivateFrameworks/APFS.framework/Versions/A/APFS
0x000000012941b000 	/Library/Java/JavaVirtualMachines/jdk1.8.0_91.jdk/Contents/Home/jre/lib/libfontmanager.dylib
0x0000000129f18000 	/Library/Java/JavaVirtualMachines/jdk1.8.0_91.jdk/Contents/Home/jre/lib/libosxui.dylib
0x000000005b94a000 	/System/Library/PrivateFrameworks/ViewBridge.framework/Versions/A/ViewBridge
0x000000005b94a000 	/System/Library/PrivateFrameworks/XPCService.framework/Versions/A/XPCService
0x000000005b94a000 	/System/Library/PrivateFrameworks/AppSandbox.framework/Versions/A/AppSandbox
0x000000005b94a000 	/usr/lib/libsandbox.1.dylib
0x000000005b94a000 	/usr/lib/libMatch.1.dylib
0x000000012c2c2000 	/Library/Java/JavaVirtualMachines/jdk1.8.0_91.jdk/Contents/Home/jre/lib/libnet.dylib
0x000000012c2d9000 	/Library/Java/JavaVirtualMachines/jdk1.8.0_91.jdk/Contents/Home/jre/lib/libnio.dylib
0x000000012bc44000 	/Library/Java/JavaVirtualMachines/jdk1.8.0_91.jdk/Contents/Home/jre/lib/libmanagement.dylib
0x0000000126652000 	/Library/Java/JavaVirtualMachines/jdk1.8.0_91.jdk/Contents/Home/jre/lib/libsunec.dylib

VM Arguments:
java_command: /opt/mflux/bin/aterm.jar
java_class_path (initial): /opt/mflux/bin/aterm.jar
Launcher Type: SUN_STANDARD

Environment Variables:
JAVA_HOME=/Library/Java/JavaVirtualMachines/jdk8/Contents/Home
PATH=/opt/ant/bin:/Users/wliu5/Dropbox/bin:/Library/Java/JavaVirtualMachines/jdk8/Contents/Home/bin:/usr/local/bin:/usr/bin:/bin:/usr/sbin:/sbin:/opt/maven/bin:/opt/dcmtools/bin:/opt/bfg:/opt/iperf:/opt/daris-client:/opt/upload-demo:/opt/bionics-client
SHELL=/bin/bash

Signal Handlers:
SIGSEGV: [libjvm.dylib+0x5a97a1], sa_mask[0]=11111111011111110111111111111111, sa_flags=SA_ONSTACK|SA_RESTART|SA_SIGINFO
SIGBUS: [libjvm.dylib+0x5a97a1], sa_mask[0]=11111111011111110111111111111111, sa_flags=SA_RESTART|SA_SIGINFO
SIGFPE: [libjvm.dylib+0x482594], sa_mask[0]=11111111011111110111111111111111, sa_flags=SA_RESTART|SA_SIGINFO
SIGPIPE: [libjvm.dylib+0x482594], sa_mask[0]=11111111011111110111111111111111, sa_flags=SA_RESTART|SA_SIGINFO
SIGXFSZ: [libjvm.dylib+0x482594], sa_mask[0]=11111111011111110111111111111111, sa_flags=SA_RESTART|SA_SIGINFO
SIGILL: [libjvm.dylib+0x482594], sa_mask[0]=11111111011111110111111111111111, sa_flags=SA_RESTART|SA_SIGINFO
SIGUSR1: SIG_DFL, sa_mask[0]=11011111011111100000000111000110, sa_flags=none
SIGUSR2: [libjvm.dylib+0x4820b2], sa_mask[0]=00000000000000000000000000000000, sa_flags=SA_RESTART|SA_SIGINFO
SIGHUP: [libjvm.dylib+0x480689], sa_mask[0]=11111111011111110111111111111111, sa_flags=SA_RESTART|SA_SIGINFO
SIGINT: SIG_IGN, sa_mask[0]=00000000000000000000000000000000, sa_flags=none
SIGTERM: [libjvm.dylib+0x480689], sa_mask[0]=11111111011111110111111111111111, sa_flags=SA_RESTART|SA_SIGINFO
SIGQUIT: [libjvm.dylib+0x480689], sa_mask[0]=11111111011111110111111111111111, sa_flags=SA_RESTART|SA_SIGINFO


---------------  S Y S T E M  ---------------

OS:Bsduname:Darwin 16.1.0 Darwin Kernel Version 16.1.0: Wed Oct 19 20:31:56 PDT 2016; root:xnu-3789.21.4~4/RELEASE_X86_64 x86_64
rlimit: STACK 8192k, CORE 0k, NPROC 709, NOFILE 10240, AS infinity
load average:2.65 2.07 1.92

CPU:total 8 (4 cores per cpu, 2 threads per core) family 6 model 70 stepping 1, cmov, cx8, fxsr, mmx, sse, sse2, sse3, ssse3, sse4.1, sse4.2, popcnt, avx, avx2, aes, clmul, erms, lzcnt, ht, tsc, tscinvbit, bmi1, bmi2

Memory: 4k page, physical 16777216k(2149264k free)

/proc/meminfo:


vm_info: Java HotSpot(TM) 64-Bit Server VM (25.91-b14) for bsd-amd64 JRE (1.8.0_91-b14), built on Apr  1 2016 01:03:00 by "java_re" with gcc 4.2.1 (Based on Apple Inc. build 5658) (LLVM build 2336.11.00)

time: Fri Dec 16 10:15:16 2016
elapsed time: 19595 seconds (0d 5h 26m 35s)

